<?xml version="1.0" encoding="UTF-8"?>
<coverage generated="1757449493">
  <project timestamp="1757449493" name="Clover Coverage">
    <package name="SchenkeIo\Invoice\Casts">
      <file name="/home/srv/packages/schenke-io/laravel-invoice/src/Casts/CurrencyCast.php">
        <class name="SchenkeIo\Invoice\Casts\CurrencyCast" namespace="SchenkeIo\Invoice\Casts">
          <metrics complexity="2" methods="2" coveredmethods="2" conditionals="0" coveredconditionals="0" statements="2" coveredstatements="2" elements="4" coveredelements="4"/>
        </class>
        <line num="20" type="method" name="get" visibility="public" complexity="1" crap="1" count="6"/>
        <line num="22" type="stmt" count="6"/>
        <line num="28" type="method" name="set" visibility="public" complexity="1" crap="1" count="3"/>
        <line num="30" type="stmt" count="3"/>
        <metrics loc="33" ncloc="21" classes="1" methods="2" coveredmethods="2" conditionals="0" coveredconditionals="0" statements="2" coveredstatements="2" elements="4" coveredelements="4"/>
      </file>
    </package>
    <package name="SchenkeIo\Invoice\Data">
      <file name="/home/srv/packages/schenke-io/laravel-invoice/src/Data/Currency.php">
        <class name="SchenkeIo\Invoice\Data\Currency" namespace="SchenkeIo\Invoice\Data">
          <metrics complexity="22" methods="16" coveredmethods="16" conditionals="0" coveredconditionals="0" statements="33" coveredstatements="33" elements="49" coveredelements="49"/>
        </class>
        <line num="11" type="method" name="__construct" visibility="public" complexity="1" crap="1" count="36"/>
        <line num="15" type="stmt" count="36"/>
        <line num="21" type="method" name="vatFromGross" visibility="public" complexity="1" crap="1" count="1"/>
        <line num="24" type="stmt" count="1"/>
        <line num="26" type="stmt" count="1"/>
        <line num="32" type="method" name="vatFromNet" visibility="public" complexity="1" crap="1" count="1"/>
        <line num="35" type="stmt" count="1"/>
        <line num="38" type="method" name="fromGrossToNet" visibility="public" complexity="1" crap="1" count="1"/>
        <line num="41" type="stmt" count="1"/>
        <line num="43" type="stmt" count="1"/>
        <line num="46" type="method" name="fromNetToGross" visibility="public" complexity="1" crap="1" count="1"/>
        <line num="49" type="stmt" count="1"/>
        <line num="51" type="stmt" count="1"/>
        <line num="54" type="method" name="fromAny" visibility="public" complexity="7" crap="7" count="17"/>
        <line num="57" type="stmt" count="17"/>
        <line num="58" type="stmt" count="1"/>
        <line num="61" type="stmt" count="16"/>
        <line num="62" type="stmt" count="6"/>
        <line num="66" type="stmt" count="10"/>
        <line num="67" type="stmt" count="10"/>
        <line num="68" type="stmt" count="10"/>
        <line num="70" type="stmt" count="10"/>
        <line num="71" type="stmt" count="1"/>
        <line num="74" type="stmt" count="9"/>
        <line num="76" type="stmt" count="1"/>
        <line num="77" type="stmt" count="8"/>
        <line num="79" type="stmt" count="6"/>
        <line num="80" type="stmt" count="6"/>
        <line num="83" type="stmt" count="9"/>
        <line num="86" type="method" name="fromFloat" visibility="public" complexity="1" crap="1" count="18"/>
        <line num="88" type="stmt" count="18"/>
        <line num="91" type="method" name="fromCents" visibility="public" complexity="1" crap="1" count="2"/>
        <line num="93" type="stmt" count="2"/>
        <line num="96" type="method" name="toFloat" visibility="public" complexity="1" crap="1" count="36"/>
        <line num="98" type="stmt" count="36"/>
        <line num="101" type="method" name="str" visibility="public" complexity="1" crap="1" count="13"/>
        <line num="103" type="stmt" count="13"/>
        <line num="106" type="method" name="__toString" visibility="public" complexity="1" crap="1" count="24"/>
        <line num="108" type="stmt" count="24"/>
        <line num="111" type="method" name="plus" visibility="public" complexity="1" crap="1" count="1"/>
        <line num="113" type="stmt" count="1"/>
        <line num="116" type="method" name="minus" visibility="public" complexity="1" crap="1" count="1"/>
        <line num="118" type="stmt" count="1"/>
        <line num="121" type="method" name="times" visibility="public" complexity="1" crap="1" count="2"/>
        <line num="123" type="stmt" count="2"/>
        <line num="129" type="method" name="toLivewire" visibility="public" complexity="1" crap="1" count="1"/>
        <line num="131" type="stmt" count="1"/>
        <line num="137" type="method" name="fromLivewire" visibility="public" complexity="1" crap="1" count="1"/>
        <line num="139" type="stmt" count="1"/>
        <metrics loc="142" ncloc="120" classes="1" methods="16" coveredmethods="16" conditionals="0" coveredconditionals="0" statements="33" coveredstatements="33" elements="49" coveredelements="49"/>
      </file>
      <file name="/home/srv/packages/schenke-io/laravel-invoice/src/Data/Customer.php">
        <class name="SchenkeIo\Invoice\Data\Customer" namespace="SchenkeIo\Invoice\Data">
          <metrics complexity="1" methods="1" coveredmethods="1" conditionals="0" coveredconditionals="0" statements="1" coveredstatements="1" elements="2" coveredelements="2"/>
        </class>
        <line num="7" type="method" name="__construct" visibility="public" complexity="1" crap="1" count="1"/>
        <line num="13" type="stmt" count="1"/>
        <metrics loc="15" ncloc="15" classes="1" methods="1" coveredmethods="1" conditionals="0" coveredconditionals="0" statements="1" coveredstatements="1" elements="2" coveredelements="2"/>
      </file>
      <file name="/home/srv/packages/schenke-io/laravel-invoice/src/Data/Invoice.php">
        <class name="SchenkeIo\Invoice\Data\Invoice" namespace="SchenkeIo\Invoice\Data">
          <metrics complexity="4" methods="3" coveredmethods="3" conditionals="0" coveredconditionals="0" statements="12" coveredstatements="12" elements="15" coveredelements="15"/>
        </class>
        <line num="23" type="method" name="__construct" visibility="public" complexity="1" crap="1" count="1"/>
        <line num="28" type="stmt" count="1"/>
        <line num="29" type="stmt" count="1"/>
        <line num="35" type="method" name="addLine" visibility="public" complexity="1" crap="1" count="1"/>
        <line num="37" type="stmt" count="1"/>
        <line num="38" type="stmt" count="1"/>
        <line num="39" type="stmt" count="1"/>
        <line num="40" type="stmt" count="1"/>
        <line num="41" type="stmt" count="1"/>
        <line num="43" type="stmt" count="1"/>
        <line num="49" type="method" name="vats" visibility="public" complexity="2" crap="2" count="1"/>
        <line num="51" type="stmt" count="1"/>
        <line num="52" type="stmt" count="1"/>
        <line num="53" type="stmt" count="1"/>
        <line num="56" type="stmt" count="1"/>
        <metrics loc="59" ncloc="46" classes="1" methods="3" coveredmethods="3" conditionals="0" coveredconditionals="0" statements="12" coveredstatements="12" elements="15" coveredelements="15"/>
      </file>
      <file name="/home/srv/packages/schenke-io/laravel-invoice/src/Data/LexwareInvoiceData.php">
        <class name="SchenkeIo\Invoice\Data\LexwareInvoiceData" namespace="SchenkeIo\Invoice\Data">
          <metrics complexity="0" methods="0" coveredmethods="0" conditionals="0" coveredconditionals="0" statements="0" coveredstatements="0" elements="0" coveredelements="0"/>
        </class>
        <metrics loc="68" ncloc="9" classes="0" methods="0" coveredmethods="0" conditionals="0" coveredconditionals="0" statements="0" coveredstatements="0" elements="0" coveredelements="0"/>
      </file>
      <file name="/home/srv/packages/schenke-io/laravel-invoice/src/Data/LineItem.php">
        <class name="SchenkeIo\Invoice\Data\LineItem" namespace="SchenkeIo\Invoice\Data">
          <metrics complexity="5" methods="5" coveredmethods="5" conditionals="0" coveredconditionals="0" statements="11" coveredstatements="11" elements="16" coveredelements="16"/>
        </class>
        <line num="17" type="method" name="__construct" visibility="public" complexity="1" crap="1" count="1"/>
        <line num="19" type="stmt" count="1"/>
        <line num="20" type="stmt" count="1"/>
        <line num="21" type="stmt" count="1"/>
        <line num="22" type="stmt" count="1"/>
        <line num="23" type="stmt" count="1"/>
        <line num="26" type="method" name="fromTotalGrossPrice" visibility="public" complexity="1" crap="1" count="1"/>
        <line num="28" type="stmt" count="1"/>
        <line num="31" type="method" name="fromTotalNetPrice" visibility="public" complexity="1" crap="1" count="1"/>
        <line num="33" type="stmt" count="1"/>
        <line num="34" type="stmt" count="1"/>
        <line num="35" type="stmt" count="1"/>
        <line num="38" type="method" name="fromItemGrossPrice" visibility="public" complexity="1" crap="1" count="1"/>
        <line num="40" type="stmt" count="1"/>
        <line num="43" type="method" name="fromItemNetPrice" visibility="public" complexity="1" crap="1" count="1"/>
        <line num="45" type="stmt" count="1"/>
        <metrics loc="48" ncloc="48" classes="1" methods="5" coveredmethods="5" conditionals="0" coveredconditionals="0" statements="11" coveredstatements="11" elements="16" coveredelements="16"/>
      </file>
      <file name="/home/srv/packages/schenke-io/laravel-invoice/src/Data/Vat.php">
        <class name="SchenkeIo\Invoice\Data\Vat" namespace="SchenkeIo\Invoice\Data">
          <metrics complexity="5" methods="2" coveredmethods="2" conditionals="0" coveredconditionals="0" statements="9" coveredstatements="9" elements="11" coveredelements="11"/>
        </class>
        <line num="16" type="method" name="__construct" visibility="public" complexity="4" crap="4" count="9"/>
        <line num="18" type="stmt" count="9"/>
        <line num="19" type="stmt" count="2"/>
        <line num="20" type="stmt" count="7"/>
        <line num="21" type="stmt" count="3"/>
        <line num="23" type="stmt" count="4"/>
        <line num="24" type="stmt" count="4"/>
        <line num="25" type="stmt" count="4"/>
        <line num="31" type="method" name="fromId" visibility="public" complexity="1" crap="1" count="2"/>
        <line num="33" type="stmt" count="2"/>
        <line num="35" type="stmt" count="2"/>
        <metrics loc="38" ncloc="32" classes="1" methods="2" coveredmethods="2" conditionals="0" coveredconditionals="0" statements="9" coveredstatements="9" elements="11" coveredelements="11"/>
      </file>
    </package>
    <package name="SchenkeIo\Invoice\Exceptions">
      <file name="/home/srv/packages/schenke-io/laravel-invoice/src/Exceptions/VatException.php">
        <class name="SchenkeIo\Invoice\Exceptions\VatException" namespace="SchenkeIo\Invoice\Exceptions">
          <metrics complexity="2" methods="2" coveredmethods="2" conditionals="0" coveredconditionals="0" statements="2" coveredstatements="2" elements="4" coveredelements="4"/>
        </class>
        <line num="7" type="method" name="rateToLow" visibility="public" complexity="1" crap="1" count="2"/>
        <line num="9" type="stmt" count="2"/>
        <line num="12" type="method" name="rateToHigh" visibility="public" complexity="1" crap="1" count="3"/>
        <line num="14" type="stmt" count="3"/>
        <metrics loc="17" ncloc="17" classes="1" methods="2" coveredmethods="2" conditionals="0" coveredconditionals="0" statements="2" coveredstatements="2" elements="4" coveredelements="4"/>
      </file>
    </package>
    <package name="SchenkeIo\Invoice">
      <file name="/home/srv/packages/schenke-io/laravel-invoice/src/InvoiceServiceProvider.php">
        <class name="SchenkeIo\Invoice\InvoiceServiceProvider" namespace="SchenkeIo\Invoice">
          <metrics complexity="3" methods="3" coveredmethods="3" conditionals="0" coveredconditionals="0" statements="3" coveredstatements="3" elements="6" coveredelements="6"/>
        </class>
        <line num="10" type="method" name="register" visibility="public" complexity="1" crap="1" count="1"/>
        <line num="12" type="method" name="boot" visibility="public" complexity="1" crap="1" count="1"/>
        <line num="14" type="method" name="configurePackage" visibility="public" complexity="1" crap="1" count="1"/>
        <line num="16" type="stmt" count="1"/>
        <metrics loc="19" ncloc="19" classes="1" methods="3" coveredmethods="3" conditionals="0" coveredconditionals="0" statements="3" coveredstatements="3" elements="6" coveredelements="6"/>
      </file>
    </package>
    <metrics files="9" loc="439" ncloc="327" classes="8" methods="34" coveredmethods="34" conditionals="0" coveredconditionals="0" statements="73" coveredstatements="73" elements="107" coveredelements="107"/>
  </project>
</coverage>
