<?xml version="1.0" encoding="UTF-8"?>
<testsuites>
  <testsuite name="/home/srv/packages/schenke-io/laravel-invoice/phpunit.xml" tests="44" assertions="74" errors="0" failures="0" skipped="0" time="0.085468">
    <testsuite name="Unit" tests="34" assertions="58" errors="0" failures="0" skipped="0" time="0.059743">
      <testsuite name="Tests\Unit\Data\CurrencyTest" file="tests/Unit/Data/CurrencyTest.php" tests="26" assertions="48" errors="0" failures="0" skipped="0" time="0.019296">
        <testcase name="it stores and receives data to Livewire based on Wireable" file="tests/Unit/Data/CurrencyTest.php::it stores and receives data to Livewire based on Wireable" class="Tests\Unit\Data\CurrencyTest" classname="Tests.Unit.Data.CurrencyTest" assertions="9" time="0.003201"/>
        <testcase name="it can calculate VAT net and gross" file="tests/Unit/Data/CurrencyTest.php::it can calculate VAT net and gross" class="Tests\Unit\Data\CurrencyTest" classname="Tests.Unit.Data.CurrencyTest" assertions="2" time="0.000744"/>
        <testcase name="it can create and use Currency" file="tests/Unit/Data/CurrencyTest.php::it can create and use Currency" class="Tests\Unit\Data\CurrencyTest" classname="Tests.Unit.Data.CurrencyTest" assertions="1" time="0.000499"/>
        <testsuite name="it can make currency from any value" tests="13" assertions="26" errors="0" failures="0" skipped="0" time="0.008812">
          <testcase name="it can make currency from any value with data set &quot;dataset &quot;1.23&quot;&quot;" file="tests/Unit/Data/CurrencyTest.php::it can make currency from any value with data set &quot;dataset &quot;1.23&quot;&quot;" class="Tests\Unit\Data\CurrencyTest" classname="Tests.Unit.Data.CurrencyTest" assertions="2" time="0.000632"/>
          <testcase name="it can make currency from any value with data set &quot;dataset &quot;123.45&quot;&quot;" file="tests/Unit/Data/CurrencyTest.php::it can make currency from any value with data set &quot;dataset &quot;123.45&quot;&quot;" class="Tests\Unit\Data\CurrencyTest" classname="Tests.Unit.Data.CurrencyTest" assertions="2" time="0.000544"/>
          <testcase name="it can make currency from any value with data set &quot;dataset &quot;-123.45&quot;&quot;" file="tests/Unit/Data/CurrencyTest.php::it can make currency from any value with data set &quot;dataset &quot;-123.45&quot;&quot;" class="Tests\Unit\Data\CurrencyTest" classname="Tests.Unit.Data.CurrencyTest" assertions="2" time="0.000551"/>
          <testcase name="it can make currency from any value with data set &quot;dataset &quot;123.456789&quot;&quot;" file="tests/Unit/Data/CurrencyTest.php::it can make currency from any value with data set &quot;dataset &quot;123.456789&quot;&quot;" class="Tests\Unit\Data\CurrencyTest" classname="Tests.Unit.Data.CurrencyTest" assertions="2" time="0.000565"/>
          <testcase name="it can make currency from any value with data set &quot;dataset &quot;text Euro 1&quot;&quot;" file="tests/Unit/Data/CurrencyTest.php::it can make currency from any value with data set &quot;dataset &quot;text Euro 1&quot;&quot;" class="Tests\Unit\Data\CurrencyTest" classname="Tests.Unit.Data.CurrencyTest" assertions="2" time="0.000740"/>
          <testcase name="it can make currency from any value with data set &quot;dataset &quot;text Euro 2&quot;&quot;" file="tests/Unit/Data/CurrencyTest.php::it can make currency from any value with data set &quot;dataset &quot;text Euro 2&quot;&quot;" class="Tests\Unit\Data\CurrencyTest" classname="Tests.Unit.Data.CurrencyTest" assertions="2" time="0.001071"/>
          <testcase name="it can make currency from any value with data set &quot;dataset &quot;text Euro 3&quot;&quot;" file="tests/Unit/Data/CurrencyTest.php::it can make currency from any value with data set &quot;dataset &quot;text Euro 3&quot;&quot;" class="Tests\Unit\Data\CurrencyTest" classname="Tests.Unit.Data.CurrencyTest" assertions="2" time="0.000977"/>
          <testcase name="it can make currency from any value with data set &quot;dataset &quot;text Euro 4&quot;&quot;" file="tests/Unit/Data/CurrencyTest.php::it can make currency from any value with data set &quot;dataset &quot;text Euro 4&quot;&quot;" class="Tests\Unit\Data\CurrencyTest" classname="Tests.Unit.Data.CurrencyTest" assertions="2" time="0.000926"/>
          <testcase name="it can make currency from any value with data set &quot;dataset &quot;text USD 1&quot;&quot;" file="tests/Unit/Data/CurrencyTest.php::it can make currency from any value with data set &quot;dataset &quot;text USD 1&quot;&quot;" class="Tests\Unit\Data\CurrencyTest" classname="Tests.Unit.Data.CurrencyTest" assertions="2" time="0.000620"/>
          <testcase name="it can make currency from any value with data set &quot;dataset &quot;just text 1&quot;&quot;" file="tests/Unit/Data/CurrencyTest.php::it can make currency from any value with data set &quot;dataset &quot;just text 1&quot;&quot;" class="Tests\Unit\Data\CurrencyTest" classname="Tests.Unit.Data.CurrencyTest" assertions="2" time="0.000552"/>
          <testcase name="it can make currency from any value with data set &quot;dataset &quot;just text 2&quot;&quot;" file="tests/Unit/Data/CurrencyTest.php::it can make currency from any value with data set &quot;dataset &quot;just text 2&quot;&quot;" class="Tests\Unit\Data\CurrencyTest" classname="Tests.Unit.Data.CurrencyTest" assertions="2" time="0.000554"/>
          <testcase name="it can make currency from any value with data set &quot;dataset &quot;just text 3&quot;&quot;" file="tests/Unit/Data/CurrencyTest.php::it can make currency from any value with data set &quot;dataset &quot;just text 3&quot;&quot;" class="Tests\Unit\Data\CurrencyTest" classname="Tests.Unit.Data.CurrencyTest" assertions="2" time="0.000549"/>
          <testcase name="it can make currency from any value with data set &quot;dataset &quot;x1&quot;&quot;" file="tests/Unit/Data/CurrencyTest.php::it can make currency from any value with data set &quot;dataset &quot;x1&quot;&quot;" class="Tests\Unit\Data\CurrencyTest" classname="Tests.Unit.Data.CurrencyTest" assertions="2" time="0.000531"/>
        </testsuite>
        <testsuite name="it can create Currency from cents" tests="9" assertions="9" errors="0" failures="0" skipped="0" time="0.005265">
          <testcase name="it can create Currency from cents with data set &quot;dataset &quot;case 111&quot;&quot;" file="tests/Unit/Data/CurrencyTest.php::it can create Currency from cents with data set &quot;dataset &quot;case 111&quot;&quot;" class="Tests\Unit\Data\CurrencyTest" classname="Tests.Unit.Data.CurrencyTest" assertions="1" time="0.000542"/>
          <testcase name="it can create Currency from cents with data set &quot;dataset &quot;case 112&quot;&quot;" file="tests/Unit/Data/CurrencyTest.php::it can create Currency from cents with data set &quot;dataset &quot;case 112&quot;&quot;" class="Tests\Unit\Data\CurrencyTest" classname="Tests.Unit.Data.CurrencyTest" assertions="1" time="0.000513"/>
          <testcase name="it can create Currency from cents with data set &quot;dataset &quot;case 113&quot;&quot;" file="tests/Unit/Data/CurrencyTest.php::it can create Currency from cents with data set &quot;dataset &quot;case 113&quot;&quot;" class="Tests\Unit\Data\CurrencyTest" classname="Tests.Unit.Data.CurrencyTest" assertions="1" time="0.000495"/>
          <testcase name="it can create Currency from cents with data set &quot;dataset &quot;case 114&quot;&quot;" file="tests/Unit/Data/CurrencyTest.php::it can create Currency from cents with data set &quot;dataset &quot;case 114&quot;&quot;" class="Tests\Unit\Data\CurrencyTest" classname="Tests.Unit.Data.CurrencyTest" assertions="1" time="0.000490"/>
          <testcase name="it can create Currency from cents with data set &quot;dataset &quot;case 115&quot;&quot;" file="tests/Unit/Data/CurrencyTest.php::it can create Currency from cents with data set &quot;dataset &quot;case 115&quot;&quot;" class="Tests\Unit\Data\CurrencyTest" classname="Tests.Unit.Data.CurrencyTest" assertions="1" time="0.000516"/>
          <testcase name="it can create Currency from cents with data set &quot;dataset &quot;case 116&quot;&quot;" file="tests/Unit/Data/CurrencyTest.php::it can create Currency from cents with data set &quot;dataset &quot;case 116&quot;&quot;" class="Tests\Unit\Data\CurrencyTest" classname="Tests.Unit.Data.CurrencyTest" assertions="1" time="0.000566"/>
          <testcase name="it can create Currency from cents with data set &quot;dataset &quot;case 117&quot;&quot;" file="tests/Unit/Data/CurrencyTest.php::it can create Currency from cents with data set &quot;dataset &quot;case 117&quot;&quot;" class="Tests\Unit\Data\CurrencyTest" classname="Tests.Unit.Data.CurrencyTest" assertions="1" time="0.000652"/>
          <testcase name="it can create Currency from cents with data set &quot;dataset &quot;case 123&quot;&quot;" file="tests/Unit/Data/CurrencyTest.php::it can create Currency from cents with data set &quot;dataset &quot;case 123&quot;&quot;" class="Tests\Unit\Data\CurrencyTest" classname="Tests.Unit.Data.CurrencyTest" assertions="1" time="0.000718"/>
          <testcase name="it can create Currency from cents with data set &quot;dataset &quot;case -123&quot;&quot;" file="tests/Unit/Data/CurrencyTest.php::it can create Currency from cents with data set &quot;dataset &quot;case -123&quot;&quot;" class="Tests\Unit\Data\CurrencyTest" classname="Tests.Unit.Data.CurrencyTest" assertions="1" time="0.000772"/>
        </testsuite>
        <testsuite name="it can subtract currencies" tests="1" assertions="1" errors="0" failures="0" skipped="0" time="0.000776">
          <testcase name="it can subtract currencies with data set &quot;(100, 50, 50)&quot;" file="tests/Unit/Data/CurrencyTest.php::it can subtract currencies with data set &quot;(100, 50, 50)&quot;" class="Tests\Unit\Data\CurrencyTest" classname="Tests.Unit.Data.CurrencyTest" assertions="1" time="0.000776"/>
        </testsuite>
      </testsuite>
      <testsuite name="Tests\Unit\Data\InvoiceTest" file="tests/Unit/Data/InvoiceTest.php" tests="1" assertions="3" errors="0" failures="0" skipped="0" time="0.033930">
        <testcase name="it can generate an invoice" file="tests/Unit/Data/InvoiceTest.php::it can generate an invoice" class="Tests\Unit\Data\InvoiceTest" classname="Tests.Unit.Data.InvoiceTest" assertions="3" time="0.033930"/>
      </testsuite>
      <testsuite name="Tests\Unit\Data\VatTest" file="tests/Unit/Data/VatTest.php" tests="7" assertions="7" errors="0" failures="0" skipped="0" time="0.006516">
        <testsuite name="it can convert rates to id and back" tests="2" assertions="2" errors="0" failures="0" skipped="0" time="0.002386">
          <testcase name="it can convert rates to id and back with data set &quot;(0.19)&quot;" file="tests/Unit/Data/VatTest.php::it can convert rates to id and back with data set &quot;(0.19)&quot;" class="Tests\Unit\Data\VatTest" classname="Tests.Unit.Data.VatTest" assertions="1" time="0.001860"/>
          <testcase name="it can convert rates to id and back with data set &quot;(0.065)&quot;" file="tests/Unit/Data/VatTest.php::it can convert rates to id and back with data set &quot;(0.065)&quot;" class="Tests\Unit\Data\VatTest" classname="Tests.Unit.Data.VatTest" assertions="1" time="0.000526"/>
        </testsuite>
        <testsuite name="it fails when incorrect VAT values are given" tests="5" assertions="5" errors="0" failures="0" skipped="0" time="0.004130">
          <testcase name="it fails when incorrect VAT values are given with data set &quot;(-1)&quot;" file="tests/Unit/Data/VatTest.php::it fails when incorrect VAT values are given with data set &quot;(-1)&quot;" class="Tests\Unit\Data\VatTest" classname="Tests.Unit.Data.VatTest" assertions="1" time="0.001110"/>
          <testcase name="it fails when incorrect VAT values are given with data set &quot;(-0.1)&quot;" file="tests/Unit/Data/VatTest.php::it fails when incorrect VAT values are given with data set &quot;(-0.1)&quot;" class="Tests\Unit\Data\VatTest" classname="Tests.Unit.Data.VatTest" assertions="1" time="0.000802"/>
          <testcase name="it fails when incorrect VAT values are given with data set &quot;(1.1)&quot;" file="tests/Unit/Data/VatTest.php::it fails when incorrect VAT values are given with data set &quot;(1.1)&quot;" class="Tests\Unit\Data\VatTest" classname="Tests.Unit.Data.VatTest" assertions="1" time="0.000741"/>
          <testcase name="it fails when incorrect VAT values are given with data set &quot;(0.6)&quot;" file="tests/Unit/Data/VatTest.php::it fails when incorrect VAT values are given with data set &quot;(0.6)&quot;" class="Tests\Unit\Data\VatTest" classname="Tests.Unit.Data.VatTest" assertions="1" time="0.000753"/>
          <testcase name="it fails when incorrect VAT values are given with data set &quot;(19.0)&quot;" file="tests/Unit/Data/VatTest.php::it fails when incorrect VAT values are given with data set &quot;(19.0)&quot;" class="Tests\Unit\Data\VatTest" classname="Tests.Unit.Data.VatTest" assertions="1" time="0.000724"/>
        </testsuite>
      </testsuite>
    </testsuite>
    <testsuite name="Feature" tests="10" assertions="16" errors="0" failures="0" skipped="0" time="0.025725">
      <testsuite name="Tests\Feature\Casts\CurrencyCastTest" file="tests/Feature/Casts/CurrencyCastTest.php" tests="9" assertions="15" errors="0" failures="0" skipped="0" time="0.017904">
        <testsuite name="it converts database value to Currency object" tests="6" assertions="12" errors="0" failures="0" skipped="0" time="0.015396">
          <testcase name="it converts database value to Currency object with data set &quot;dataset &quot;null&quot;&quot;" file="tests/Feature/Casts/CurrencyCastTest.php::it converts database value to Currency object with data set &quot;dataset &quot;null&quot;&quot;" class="Tests\Feature\Casts\CurrencyCastTest" classname="Tests.Feature.Casts.CurrencyCastTest" assertions="2" time="0.012035"/>
          <testcase name="it converts database value to Currency object with data set &quot;(0, 0.0)&quot;" file="tests/Feature/Casts/CurrencyCastTest.php::it converts database value to Currency object with data set &quot;(0, 0.0)&quot;" class="Tests\Feature\Casts\CurrencyCastTest" classname="Tests.Feature.Casts.CurrencyCastTest" assertions="2" time="0.000755"/>
          <testcase name="it converts database value to Currency object with data set &quot;dataset &quot;1.23&quot;&quot;" file="tests/Feature/Casts/CurrencyCastTest.php::it converts database value to Currency object with data set &quot;dataset &quot;1.23&quot;&quot;" class="Tests\Feature\Casts\CurrencyCastTest" classname="Tests.Feature.Casts.CurrencyCastTest" assertions="2" time="0.000677"/>
          <testcase name="it converts database value to Currency object with data set &quot;dataset &quot;123.45&quot;&quot;" file="tests/Feature/Casts/CurrencyCastTest.php::it converts database value to Currency object with data set &quot;dataset &quot;123.45&quot;&quot;" class="Tests\Feature\Casts\CurrencyCastTest" classname="Tests.Feature.Casts.CurrencyCastTest" assertions="2" time="0.000653"/>
          <testcase name="it converts database value to Currency object with data set &quot;dataset &quot;-123.45&quot;&quot;" file="tests/Feature/Casts/CurrencyCastTest.php::it converts database value to Currency object with data set &quot;dataset &quot;-123.45&quot;&quot;" class="Tests\Feature\Casts\CurrencyCastTest" classname="Tests.Feature.Casts.CurrencyCastTest" assertions="2" time="0.000639"/>
          <testcase name="it converts database value to Currency object with data set &quot;dataset &quot;123.456789&quot;&quot;" file="tests/Feature/Casts/CurrencyCastTest.php::it converts database value to Currency object with data set &quot;dataset &quot;123.456789&quot;&quot;" class="Tests\Feature\Casts\CurrencyCastTest" classname="Tests.Feature.Casts.CurrencyCastTest" assertions="2" time="0.000637"/>
        </testsuite>
        <testsuite name="it converts Currency object to float" tests="3" assertions="3" errors="0" failures="0" skipped="0" time="0.002509">
          <testcase name="it converts Currency object to float with data set &quot;dataset &quot;null&quot;&quot;" file="tests/Feature/Casts/CurrencyCastTest.php::it converts Currency object to float with data set &quot;dataset &quot;null&quot;&quot;" class="Tests\Feature\Casts\CurrencyCastTest" classname="Tests.Feature.Casts.CurrencyCastTest" assertions="1" time="0.001232"/>
          <testcase name="it converts Currency object to float with data set &quot;(0, 0.0)&quot;" file="tests/Feature/Casts/CurrencyCastTest.php::it converts Currency object to float with data set &quot;(0, 0.0)&quot;" class="Tests\Feature\Casts\CurrencyCastTest" classname="Tests.Feature.Casts.CurrencyCastTest" assertions="1" time="0.000637"/>
          <testcase name="it converts Currency object to float with data set &quot;dataset &quot;12,34 Euro&quot;&quot;" file="tests/Feature/Casts/CurrencyCastTest.php::it converts Currency object to float with data set &quot;dataset &quot;12,34 Euro&quot;&quot;" class="Tests\Feature\Casts\CurrencyCastTest" classname="Tests.Feature.Casts.CurrencyCastTest" assertions="1" time="0.000639"/>
        </testsuite>
      </testsuite>
      <testsuite name="Tests\Feature\InvoiceServiceProviderTest" file="tests/Feature/InvoiceServiceProviderTest.php" tests="1" assertions="1" errors="0" failures="0" skipped="0" time="0.007821">
        <testcase name="it verifies the service provider" file="tests/Feature/InvoiceServiceProviderTest.php::it verifies the service provider" class="Tests\Feature\InvoiceServiceProviderTest" classname="Tests.Feature.InvoiceServiceProviderTest" assertions="1" time="0.007821"/>
      </testsuite>
    </testsuite>
  </testsuite>
</testsuites>
